<?xml version="1.0" encoding="UTF-8"?>
<!-- Generated by org.testng.reporters.JUnitXMLReporter -->
<testsuite ignored="0" hostname="DESKTOP-NSI1CJ5" failures="0" tests="4" name="Test" time="48.638" errors="0" timestamp="2025-05-08T09:27:30 IST">
  <testcase classname="bikes.YamahaTest" name="lunch" time="9.892"/>
  <testcase classname="bikes.BajajTest" name="launch" time="13.528"/>
  <testcase classname="bikes.KawasakiTest" name="launch" time="10.349"/>
  <testcase classname="bikes.DucatiTest" name="launch" time="14.747"/>
</testsuite> <!-- Test -->
