<?xml version="1.0" encoding="UTF-8"?>
<testng-results ignored="0" total="1" passed="1" failed="0" skipped="0">
  <reporter-output>
    <line>
      <![CDATA[Audi launched]]>
    </line>
  </reporter-output>
  <suite started-at="2025-05-22T21:57:03 IST" name="Default suite" finished-at="2025-05-22T21:58:14 IST" duration-ms="70802">
    <groups>
    </groups>
    <test started-at="2025-05-22T21:57:03 IST" name="Default test" finished-at="2025-05-22T21:58:14 IST" duration-ms="70802">
      <class name="cars.AudiTest">
        <test-method signature="launch()[pri:0, instance:cars.AudiTest@2a4fb17b]" started-at="2025-05-22T21:57:03 IST" name="launch" finished-at="2025-05-22T21:58:14 IST" duration-ms="70719" status="PASS">
          <reporter-output>
            <line>
              <![CDATA[Audi launched]]>
            </line>
          </reporter-output>
        </test-method> <!-- launch -->
      </class> <!-- cars.AudiTest -->
    </test> <!-- Default test -->
  </suite> <!-- Default suite -->
</testng-results>
